<?xml version="1.0" encoding="UTF-8"?>
<!-- Generated by org.testng.reporters.JUnitReportReporter -->
<testsuite hostname="DESKTOP-28161K9" failures="0" tests="1" name="testpack.ParameterTest3" time="0.005" errors="0" timestamp="2024-04-27T11:51:05 IST" skipped="0">
  <testcase classname="testpack.ParameterTest3" name="parameterTest" time="0.005"/>
  <system-out/>
</testsuite> <!-- testpack.ParameterTest3 -->
