<?xml version="1.0" encoding="UTF-8"?>
<!-- Generated by org.testng.reporters.JUnitReportReporter -->
<testsuite hostname="DESKTOP-28161K9" failures="0" tests="3" name="testpack.SecondTest" time="0.020" errors="0" timestamp="2024-04-27T09:48:11 IST" skipped="0">
  <testcase classname="testpack.SecondTest" name="firstTest" time="0.009"/>
  <system-out/>
  <testcase classname="testpack.SecondTest" name="thirdTest" time="0.009"/>
  <system-out/>
  <testcase classname="testpack.SecondTest" name="secondTest" time="0.002"/>
  <system-out/>
</testsuite> <!-- testpack.SecondTest -->
