<?xml version="1.0" encoding="UTF-8"?>
<!-- Generated by org.testng.reporters.JUnitReportReporter -->
<testsuite hostname="DESKTOP-28161K9" failures="0" tests="1" name="testpack.ParameterTest2" time="0.008" errors="0" timestamp="2024-04-27T11:51:05 IST" skipped="0">
  <testcase classname="testpack.ParameterTest2" name="parameterTest2" time="0.008"/>
  <system-out/>
</testsuite> <!-- testpack.ParameterTest2 -->
