<?xml version="1.0" encoding="UTF-8"?>
<!-- Generated by org.testng.reporters.JUnitReportReporter -->
<testsuite hostname="DESKTOP-28161K9" failures="0" tests="4" name="testpack.ParameterTest" time="0.025" errors="0" timestamp="2024-04-27T11:51:05 IST" skipped="0">
  <testcase classname="testpack.ParameterTest" name="parameterTest" time="0.005"/>
  <system-out/>
  <testcase classname="testpack.ParameterTest" name="dayaProviderImplement" time="0.004"/>
  <system-out/>
  <testcase classname="testpack.ParameterTest" name="dayaProviderImplement" time="0.013"/>
  <system-out/>
  <testcase classname="testpack.ParameterTest" name="dayaProviderImplement" time="0.003"/>
  <system-out/>
</testsuite> <!-- testpack.ParameterTest -->
