<?xml version="1.0" encoding="UTF-8"?>
<!-- Generated by org.testng.reporters.JUnitReportReporter -->
<testsuite hostname="DESKTOP-28161K9" failures="0" tests="1" name="testpack.Test1" time="0.016" errors="0" timestamp="2024-04-24T23:19:41 IST" skipped="0">
  <testcase classname="testpack.Test1" name="demo" time="0.016"/>
  <system-out/>
</testsuite> <!-- testpack.Test1 -->
