<?xml version="1.0" encoding="UTF-8"?>
<!-- Generated by org.testng.reporters.JUnitReportReporter -->
<testsuite hostname="DESKTOP-28161K9" failures="0" tests="3" name="testpack.FirstTest" time="0.025" errors="0" timestamp="2024-04-27T11:05:10 IST" skipped="0">
  <testcase classname="testpack.FirstTest" name="afirstTest" time="0.011"/>
  <system-out/>
  <testcase classname="testpack.FirstTest" name="firstTest" time="0.004"/>
  <system-out/>
  <testcase classname="testpack.FirstTest" name="secondTest" time="0.010"/>
  <system-out/>
</testsuite> <!-- testpack.FirstTest -->
