<?xml version="1.0" encoding="UTF-8"?>
<!-- Generated by org.testng.reporters.JUnitReportReporter -->
<testsuite hostname="DESKTOP-28161K9" failures="0" tests="5" name="testpack.ThirdTest" time="0.038" errors="0" timestamp="2024-04-27T09:48:11 IST" skipped="0">
  <testcase classname="testpack.ThirdTest" name="secondTest" time="0.007"/>
  <system-out/>
  <testcase classname="testpack.ThirdTest" name="thirdTest" time="0.007"/>
  <system-out/>
  <testcase classname="testpack.ThirdTest" name="mobileTest2" time="0.006"/>
  <system-out/>
  <testcase classname="testpack.ThirdTest" name="mobileTest" time="0.012"/>
  <system-out/>
  <testcase classname="testpack.ThirdTest" name="firstTest" time="0.006"/>
  <system-out/>
</testsuite> <!-- testpack.ThirdTest -->
